This file contains any messages produced by compilers while
running configure, to aid debugging if configure makes a mistake.

It was created by dictionary configure 0.1, which was
generated by GNU Autoconf 2.67.  Invocation command line was

  $ ./configure 

## --------- ##
## Platform. ##
## --------- ##

hostname = chid-netbook
uname -m = i686
uname -r = 2.6.35-22-generic
uname -s = Linux
uname -v = #33-Ubuntu SMP Sun Sep 19 20:34:50 UTC 2010

/usr/bin/uname -p = unknown
/bin/uname -X     = unknown

/bin/arch              = unknown
/usr/bin/arch -k       = unknown
/usr/convex/getsysinfo = unknown
/usr/bin/hostinfo      = unknown
/bin/machine           = unknown
/usr/bin/oslevel       = unknown
/bin/universe          = unknown

PATH: /usr/local/sbin
PATH: /usr/local/bin
PATH: /usr/sbin
PATH: /usr/bin
PATH: /sbin
PATH: /bin
PATH: /usr/games


## ----------- ##
## Core tests. ##
## ----------- ##

configure:2100: checking for a BSD-compatible install
configure:2168: result: /usr/bin/install -c
configure:2179: checking whether build environment is sane
configure:2229: result: yes
configure:2370: checking for a thread-safe mkdir -p
configure:2409: result: /bin/mkdir -p
configure:2422: checking for gawk
configure:2452: result: no
configure:2422: checking for mawk
configure:2438: found /usr/bin/mawk
configure:2449: result: mawk
configure:2460: checking whether make sets $(MAKE)
configure:2482: result: yes
configure:2610: checking for gcc
configure:2626: found /usr/bin/gcc
configure:2637: result: gcc
configure:2866: checking for C compiler version
configure:2875: gcc --version >&5
gcc (Ubuntu/Linaro 4.4.4-14ubuntu5) 4.4.5
Copyright (C) 2010 Free Software Foundation, Inc.
This is free software; see the source for copying conditions.  There is NO
warranty; not even for MERCHANTABILITY or FITNESS FOR A PARTICULAR PURPOSE.

configure:2886: $? = 0
configure:2875: gcc -v >&5
Using built-in specs.
Target: i686-linux-gnu
Configured with: ../src/configure -v --with-pkgversion='Ubuntu/Linaro 4.4.4-14ubuntu5' --with-bugurl=file:///usr/share/doc/gcc-4.4/README.Bugs --enable-languages=c,c++,fortran,objc,obj-c++ --prefix=/usr --program-suffix=-4.4 --enable-shared --enable-multiarch --enable-linker-build-id --with-system-zlib --libexecdir=/usr/lib --without-included-gettext --enable-threads=posix --with-gxx-include-dir=/usr/include/c++/4.4 --libdir=/usr/lib --enable-nls --with-sysroot=/ --enable-clocale=gnu --enable-libstdcxx-debug --enable-objc-gc --enable-targets=all --disable-werror --with-arch-32=i686 --with-tune=generic --enable-checking=release --build=i686-linux-gnu --host=i686-linux-gnu --target=i686-linux-gnu
Thread model: posix
gcc version 4.4.5 (Ubuntu/Linaro 4.4.4-14ubuntu5) 
configure:2886: $? = 0
configure:2875: gcc -V >&5
gcc: '-V' option must have argument
configure:2886: $? = 1
configure:2875: gcc -qversion >&5
gcc: unrecognized option '-qversion'
gcc: no input files
configure:2886: $? = 1
configure:2906: checking whether the C compiler works
configure:2928: gcc    conftest.c  >&5
configure:2932: $? = 0
configure:2980: result: yes
configure:2983: checking for C compiler default output file name
configure:2985: result: a.out
configure:2991: checking for suffix of executables
configure:2998: gcc -o conftest    conftest.c  >&5
configure:3002: $? = 0
configure:3024: result: 
configure:3046: checking whether we are cross compiling
configure:3054: gcc -o conftest    conftest.c  >&5
configure:3058: $? = 0
configure:3065: ./conftest
configure:3069: $? = 0
configure:3084: result: no
configure:3089: checking for suffix of object files
configure:3111: gcc -c   conftest.c >&5
configure:3115: $? = 0
configure:3136: result: o
configure:3140: checking whether we are using the GNU C compiler
configure:3159: gcc -c   conftest.c >&5
configure:3159: $? = 0
configure:3168: result: yes
configure:3177: checking whether gcc accepts -g
configure:3197: gcc -c -g  conftest.c >&5
configure:3197: $? = 0
configure:3238: result: yes
configure:3255: checking for gcc option to accept ISO C89
configure:3319: gcc  -c -g -O2  conftest.c >&5
configure:3319: $? = 0
configure:3332: result: none needed
configure:3363: checking for style of include used by make
configure:3391: result: GNU
configure:3416: checking dependency style of gcc
configure:3526: result: gcc3
configure:3551: checking how to run the C preprocessor
configure:3582: gcc -E  conftest.c
configure:3582: $? = 0
configure:3596: gcc -E  conftest.c
conftest.c:11: fatal error: ac_nonexistent.h: No such file or directory
compilation terminated.
configure:3596: $? = 1
configure: failed program was:
| /* confdefs.h */
| #define PACKAGE_NAME "dictionary"
| #define PACKAGE_TARNAME "dictionary"
| #define PACKAGE_VERSION "0.1"
| #define PACKAGE_STRING "dictionary 0.1"
| #define PACKAGE_BUGREPORT "cpeng92@gmail.com"
| #define PACKAGE_URL ""
| #define PACKAGE "dictionary"
| #define VERSION "0.1"
| /* end confdefs.h.  */
| #include <ac_nonexistent.h>
configure:3621: result: gcc -E
configure:3641: gcc -E  conftest.c
configure:3641: $? = 0
configure:3655: gcc -E  conftest.c
conftest.c:11: fatal error: ac_nonexistent.h: No such file or directory
compilation terminated.
configure:3655: $? = 1
configure: failed program was:
| /* confdefs.h */
| #define PACKAGE_NAME "dictionary"
| #define PACKAGE_TARNAME "dictionary"
| #define PACKAGE_VERSION "0.1"
| #define PACKAGE_STRING "dictionary 0.1"
| #define PACKAGE_BUGREPORT "cpeng92@gmail.com"
| #define PACKAGE_URL ""
| #define PACKAGE "dictionary"
| #define VERSION "0.1"
| /* end confdefs.h.  */
| #include <ac_nonexistent.h>
configure:3684: checking for grep that handles long lines and -e
configure:3742: result: /bin/grep
configure:3747: checking for egrep
configure:3809: result: /bin/grep -E
configure:3814: checking for ANSI C header files
configure:3834: gcc -c -g -O2  conftest.c >&5
configure:3834: $? = 0
configure:3907: gcc -o conftest -g -O2   conftest.c  >&5
configure:3907: $? = 0
configure:3907: ./conftest
configure:3907: $? = 0
configure:3918: result: yes
configure:3931: checking for sys/types.h
configure:3931: gcc -c -g -O2  conftest.c >&5
configure:3931: $? = 0
configure:3931: result: yes
configure:3931: checking for sys/stat.h
configure:3931: gcc -c -g -O2  conftest.c >&5
configure:3931: $? = 0
configure:3931: result: yes
configure:3931: checking for stdlib.h
configure:3931: gcc -c -g -O2  conftest.c >&5
configure:3931: $? = 0
configure:3931: result: yes
configure:3931: checking for string.h
configure:3931: gcc -c -g -O2  conftest.c >&5
configure:3931: $? = 0
configure:3931: result: yes
configure:3931: checking for memory.h
configure:3931: gcc -c -g -O2  conftest.c >&5
configure:3931: $? = 0
configure:3931: result: yes
configure:3931: checking for strings.h
configure:3931: gcc -c -g -O2  conftest.c >&5
configure:3931: $? = 0
configure:3931: result: yes
configure:3931: checking for inttypes.h
configure:3931: gcc -c -g -O2  conftest.c >&5
configure:3931: $? = 0
configure:3931: result: yes
configure:3931: checking for stdint.h
configure:3931: gcc -c -g -O2  conftest.c >&5
configure:3931: $? = 0
configure:3931: result: yes
configure:3931: checking for unistd.h
configure:3931: gcc -c -g -O2  conftest.c >&5
configure:3931: $? = 0
configure:3931: result: yes
configure:3946: checking for stdlib.h
configure:3946: result: yes
configure:3946: checking for string.h
configure:3946: result: yes
configure:3958: checking for stdbool.h that conforms to C99
configure:4043: gcc -c -g -O2  conftest.c >&5
configure:4043: $? = 0
configure:4050: result: yes
configure:4052: checking for _Bool
configure:4052: gcc -c -g -O2  conftest.c >&5
configure:4052: $? = 0
configure:4052: gcc -c -g -O2  conftest.c >&5
conftest.c: In function 'main':
conftest.c:59: error: expected expression before ')' token
configure:4052: $? = 1
configure: failed program was:
| /* confdefs.h */
| #define PACKAGE_NAME "dictionary"
| #define PACKAGE_TARNAME "dictionary"
| #define PACKAGE_VERSION "0.1"
| #define PACKAGE_STRING "dictionary 0.1"
| #define PACKAGE_BUGREPORT "cpeng92@gmail.com"
| #define PACKAGE_URL ""
| #define PACKAGE "dictionary"
| #define VERSION "0.1"
| #define STDC_HEADERS 1
| #define HAVE_SYS_TYPES_H 1
| #define HAVE_SYS_STAT_H 1
| #define HAVE_STDLIB_H 1
| #define HAVE_STRING_H 1
| #define HAVE_MEMORY_H 1
| #define HAVE_STRINGS_H 1
| #define HAVE_INTTYPES_H 1
| #define HAVE_STDINT_H 1
| #define HAVE_UNISTD_H 1
| #define HAVE_STDLIB_H 1
| #define HAVE_STRING_H 1
| /* end confdefs.h.  */
| #include <stdio.h>
| #ifdef HAVE_SYS_TYPES_H
| # include <sys/types.h>
| #endif
| #ifdef HAVE_SYS_STAT_H
| # include <sys/stat.h>
| #endif
| #ifdef STDC_HEADERS
| # include <stdlib.h>
| # include <stddef.h>
| #else
| # ifdef HAVE_STDLIB_H
| #  include <stdlib.h>
| # endif
| #endif
| #ifdef HAVE_STRING_H
| # if !defined STDC_HEADERS && defined HAVE_MEMORY_H
| #  include <memory.h>
| # endif
| # include <string.h>
| #endif
| #ifdef HAVE_STRINGS_H
| # include <strings.h>
| #endif
| #ifdef HAVE_INTTYPES_H
| # include <inttypes.h>
| #endif
| #ifdef HAVE_STDINT_H
| # include <stdint.h>
| #endif
| #ifdef HAVE_UNISTD_H
| # include <unistd.h>
| #endif
| int
| main ()
| {
| if (sizeof ((_Bool)))
| 	    return 0;
|   ;
|   return 0;
| }
configure:4052: result: yes
configure:4192: creating ./config.status

## ---------------------- ##
## Running config.status. ##
## ---------------------- ##

This file was extended by dictionary config.status 0.1, which was
generated by GNU Autoconf 2.67.  Invocation command line was

  CONFIG_FILES    = 
  CONFIG_HEADERS  = 
  CONFIG_LINKS    = 
  CONFIG_COMMANDS = 
  $ ./config.status 

on chid-netbook

config.status:860: creating Makefile
config.status:860: creating config.h
config.status:1088: executing depfiles commands

## ---------------- ##
## Cache variables. ##
## ---------------- ##

ac_cv_c_compiler_gnu=yes
ac_cv_env_CC_set=
ac_cv_env_CC_value=
ac_cv_env_CFLAGS_set=
ac_cv_env_CFLAGS_value=
ac_cv_env_CPPFLAGS_set=
ac_cv_env_CPPFLAGS_value=
ac_cv_env_CPP_set=
ac_cv_env_CPP_value=
ac_cv_env_LDFLAGS_set=
ac_cv_env_LDFLAGS_value=
ac_cv_env_LIBS_set=
ac_cv_env_LIBS_value=
ac_cv_env_build_alias_set=
ac_cv_env_build_alias_value=
ac_cv_env_host_alias_set=
ac_cv_env_host_alias_value=
ac_cv_env_target_alias_set=
ac_cv_env_target_alias_value=
ac_cv_header_inttypes_h=yes
ac_cv_header_memory_h=yes
ac_cv_header_stdbool_h=yes
ac_cv_header_stdc=yes
ac_cv_header_stdint_h=yes
ac_cv_header_stdlib_h=yes
ac_cv_header_string_h=yes
ac_cv_header_strings_h=yes
ac_cv_header_sys_stat_h=yes
ac_cv_header_sys_types_h=yes
ac_cv_header_unistd_h=yes
ac_cv_objext=o
ac_cv_path_EGREP='/bin/grep -E'
ac_cv_path_GREP=/bin/grep
ac_cv_path_install='/usr/bin/install -c'
ac_cv_path_mkdir=/bin/mkdir
ac_cv_prog_AWK=mawk
ac_cv_prog_CPP='gcc -E'
ac_cv_prog_ac_ct_CC=gcc
ac_cv_prog_cc_c89=
ac_cv_prog_cc_g=yes
ac_cv_prog_make_make_set=yes
ac_cv_type__Bool=yes
am_cv_CC_dependencies_compiler_type=gcc3

## ----------------- ##
## Output variables. ##
## ----------------- ##

ACLOCAL='${SHELL} /home/charley/assignment/missing --run aclocal-1.11'
AMDEPBACKSLASH='\'
AMDEP_FALSE='#'
AMDEP_TRUE=''
AMTAR='${SHELL} /home/charley/assignment/missing --run tar'
AUTOCONF='${SHELL} /home/charley/assignment/missing --run autoconf'
AUTOHEADER='${SHELL} /home/charley/assignment/missing --run autoheader'
AUTOMAKE='${SHELL} /home/charley/assignment/missing --run automake-1.11'
AWK='mawk'
CC='gcc'
CCDEPMODE='depmode=gcc3'
CFLAGS='-g -O2'
CPP='gcc -E'
CPPFLAGS=''
CYGPATH_W='echo'
DEFS='-DHAVE_CONFIG_H'
DEPDIR='.deps'
ECHO_C=''
ECHO_N='-n'
ECHO_T=''
EGREP='/bin/grep -E'
EXEEXT=''
GREP='/bin/grep'
INSTALL_DATA='${INSTALL} -m 644'
INSTALL_PROGRAM='${INSTALL}'
INSTALL_SCRIPT='${INSTALL}'
INSTALL_STRIP_PROGRAM='$(install_sh) -c -s'
LDFLAGS=''
LIBOBJS=''
LIBS=''
LTLIBOBJS=''
MAKEINFO='${SHELL} /home/charley/assignment/missing --run makeinfo'
MKDIR_P='/bin/mkdir -p'
OBJEXT='o'
PACKAGE='dictionary'
PACKAGE_BUGREPORT='cpeng92@gmail.com'
PACKAGE_NAME='dictionary'
PACKAGE_STRING='dictionary 0.1'
PACKAGE_TARNAME='dictionary'
PACKAGE_URL=''
PACKAGE_VERSION='0.1'
PATH_SEPARATOR=':'
SET_MAKE=''
SHELL='/bin/bash'
STRIP=''
VERSION='0.1'
ac_ct_CC='gcc'
am__EXEEXT_FALSE=''
am__EXEEXT_TRUE='#'
am__fastdepCC_FALSE='#'
am__fastdepCC_TRUE=''
am__include='include'
am__isrc=''
am__leading_dot='.'
am__quote=''
am__tar='${AMTAR} chof - "$$tardir"'
am__untar='${AMTAR} xf -'
bindir='${exec_prefix}/bin'
build_alias=''
datadir='${datarootdir}'
datarootdir='${prefix}/share'
docdir='${datarootdir}/doc/${PACKAGE_TARNAME}'
dvidir='${docdir}'
exec_prefix='${prefix}'
host_alias=''
htmldir='${docdir}'
includedir='${prefix}/include'
infodir='${datarootdir}/info'
install_sh='${SHELL} /home/charley/assignment/install-sh'
libdir='${exec_prefix}/lib'
libexecdir='${exec_prefix}/libexec'
localedir='${datarootdir}/locale'
localstatedir='${prefix}/var'
mandir='${datarootdir}/man'
mkdir_p='/bin/mkdir -p'
oldincludedir='/usr/include'
pdfdir='${docdir}'
prefix='/usr/local'
program_transform_name='s,x,x,'
psdir='${docdir}'
sbindir='${exec_prefix}/sbin'
sharedstatedir='${prefix}/com'
sysconfdir='${prefix}/etc'
target_alias=''

## ----------- ##
## confdefs.h. ##
## ----------- ##

/* confdefs.h */
#define PACKAGE_NAME "dictionary"
#define PACKAGE_TARNAME "dictionary"
#define PACKAGE_VERSION "0.1"
#define PACKAGE_STRING "dictionary 0.1"
#define PACKAGE_BUGREPORT "cpeng92@gmail.com"
#define PACKAGE_URL ""
#define PACKAGE "dictionary"
#define VERSION "0.1"
#define STDC_HEADERS 1
#define HAVE_SYS_TYPES_H 1
#define HAVE_SYS_STAT_H 1
#define HAVE_STDLIB_H 1
#define HAVE_STRING_H 1
#define HAVE_MEMORY_H 1
#define HAVE_STRINGS_H 1
#define HAVE_INTTYPES_H 1
#define HAVE_STDINT_H 1
#define HAVE_UNISTD_H 1
#define HAVE_STDLIB_H 1
#define HAVE_STRING_H 1
#define HAVE__BOOL 1
#define HAVE_STDBOOL_H 1

configure: exit 0

## ---------------------- ##
## Running config.status. ##
## ---------------------- ##

This file was extended by dictionary config.status 0.1, which was
generated by GNU Autoconf 2.67.  Invocation command line was

  CONFIG_FILES    = 
  CONFIG_HEADERS  = 
  CONFIG_LINKS    = 
  CONFIG_COMMANDS = 
  $ ./config.status Makefile depfiles

on chid-netbook

config.status:860: creating Makefile
config.status:1088: executing depfiles commands

## ---------------------- ##
## Running config.status. ##
## ---------------------- ##

This file was extended by dictionary config.status 0.1, which was
generated by GNU Autoconf 2.67.  Invocation command line was

  CONFIG_FILES    = 
  CONFIG_HEADERS  = 
  CONFIG_LINKS    = 
  CONFIG_COMMANDS = 
  $ ./config.status Makefile depfiles

on chid-netbook

config.status:860: creating Makefile
config.status:1088: executing depfiles commands

## ---------------------- ##
## Running config.status. ##
## ---------------------- ##

This file was extended by dictionary config.status 0.1, which was
generated by GNU Autoconf 2.67.  Invocation command line was

  CONFIG_FILES    = 
  CONFIG_HEADERS  = 
  CONFIG_LINKS    = 
  CONFIG_COMMANDS = 
  $ ./config.status Makefile depfiles

on chid-netbook

config.status:860: creating Makefile
config.status:1088: executing depfiles commands
